<?xml version="1.0" encoding="UTF-8"?>
<!-- Generated by org.testng.reporters.JUnitReportReporter -->
<testsuite hostname="DESKTOP-JFS04QR" failures="0" tests="1" name="web.tests.signup.SignUpTest" time="112.020" errors="0" timestamp="2022-06-27T14:26:55 IST" skipped="0">
  <testcase classname="web.tests.signup.SignUpTest" name="verify_signup_with_valid_email_password" time="112.020"/>
  <system-out>
    <![CDATA[Step : Click on preferably_your_work_email_text_box<br>
Step : Enter text qabletest@gmail.com at locator preferably_your_work_email_text_box<br>
Step : Enter text QAble@1010 at locator a_secure_one_please_password<br>
Step : Click on sign_up_button<br>
Step : verify element a_quick_verification_text text is equal A quick verification<br>
<h1 style="color:green;font-size:15px;">Test Passed</h1> 
Step : Click on gmailt<br>
Step : clear value from gmailt text fields and enter text qabletest@gmail.com<br>
Step : Click on gmail_next<br>
Step : Click on gmail_password<br>
Step : clear value from gmail_password text fields and enter text QAble@1010<br>
Step : Click on gmail_password_next<br>
Step : Click on verify_button<br>]]>
  </system-out>
</testsuite> <!-- web.tests.signup.SignUpTest -->
