<?xml version="1.0" encoding="UTF-8"?>
<!-- Generated by org.testng.reporters.JUnitReportReporter -->
<testsuite hostname="DESKTOP-JFS04QR" failures="0" tests="1" name="web.tests.SignUpTest" time="262.655" errors="0" timestamp="2022-06-28T23:49:56 IST" skipped="0">
  <testcase classname="web.tests.SignUpTest" name="verify_signup_with_valid_email_password" time="262.655"/>
  <system-out>
    <![CDATA[Step : Click on preferably_your_work_email_text_box<br>
Step : Enter text qabletest+525@gmail.com at locator preferably_your_work_email_text_box<br>
Step : Enter text QAble@1010 at locator a_secure_one_please_password<br>
Step : Click on sign_up_button<br>
Step : verify element a_quick_verification_text text is equal A quick verification<br>
<h1 style="color:green;font-size:15px;">Test Passed</h1> 
Step : Click on gmailt<br>
Step : clear value from gmailt text fields and enter text qabletest@gmail.com<br>
Step : Click on gmail_next<br>
Step : Click on gmail_password<br>
Step : clear value from gmail_password text fields and enter text QAble@1010<br>
Step : Click on gmail_password_next<br>
Step : Click on verify_button<br>
Step : Enter text test 1 at locator first_name_text_box<br>
Step : Enter text test 3 at locator last_name_text_box<br>
Step : Click on select_people<br>
Step : Click on select_people_dropdown<br>
Step : Click on select_industry<br>
Step : Click on select_industry_dropdown<br>
Step : Click on saleshandy_name<br>
Step : Click on continue_signup<br>
Step : verify onboard_page is displayed<br>
<h1 style="color:green;font-size:15px;">Test Passed</h1> 
Step : Click on onboard_gmail<br>
Step : verify gmail_verify is displayed<br>
<h1 style="color:green;font-size:15px;">Test Passed</h1> 
Step : Click on gmail_verify<br>
Step : Click on gmail_verify_allow<br>
Step : verify setting_menu is displayed<br>
<h1 style="color:green;font-size:15px;">Test Passed</h1> 
Step : Click on close_video<br>
Step : Click on close_startted_get<br>
Step : Click on close_comment<br>
Step : Click on click_on_schedule<br>
Step : Click on add_new_schedule<br>
Step : Click on schedule_save<br>
Step : Click on enter_schedule_name<br>
Step : clear value from enter_schedule_name text fields<br>
Step : clear value from enter_schedule_name text fields and enter text Test 772<br>
Step : Click on select_time_zone<br>
Step : Click on change_time_zone<br>
Step : Click on monday_time_1<br>
Step : Enter text 09 at locator monday_time_1<br>
Step : Enter text 00 at locator monday_time_1_2<br>
Step : Enter text 10 at locator monday_time_1_3<br>
Step : Enter text 00 at locator monday_time_1_4<br>
Step : Click on monday_time_1_2<br>
Step : Enter text 10 at locator monday_time_1_2<br>
Step : Click on monday_add_1<br>
Step : Click on monday_time_2<br>
Step : Enter text 11 at locator monday_time_2<br>
Step : Click on monday_time_2_1<br>
Step : Enter text 00 at locator monday_time_2_1<br>
Step : Click on monday_time_2_2<br>
Step : Enter text 12 at locator monday_time_2_2<br>
Step : Click on monday_time_2_3<br>
Step : Enter text 00 at locator monday_time_2_3<br>
Step : Click on thursday_time_1<br>
Step : Enter text 09 at locator thursday_time_1<br>
Step : Enter text 00 at locator thursday_time_1_2<br>
Step : Enter text 10 at locator thursday_time_1_3<br>
Step : Enter text 00 at locator thursday_time_1_4<br>
Step : Click on wednesday_time_1<br>
Step : Enter text 09 at locator wednesday_time_1<br>
Step : Enter text 00 at locator wednesday_time_1_2<br>
Step : Enter text 10 at locator wednesday_time_1_3<br>
Step : Enter text 00 at locator wednesday_time_1_4<br>
Step : Click on tuesday_time_1<br>
Step : Enter text 09 at locator tuesday_time_1<br>
Step : Enter text 00 at locator tuesday_time_1_2<br>
Step : Enter text 10 at locator tuesday_time_1_3<br>
Step : Enter text 00 at locator tuesday_time_1_4<br>
Step : Click on friday_time_1<br>
Step : Enter text 09 at locator friday_time_1<br>
Step : Enter text 00 at locator friday_time_1_2<br>
Step : Enter text 10 at locator friday_time_1_3<br>
Step : Enter text 00 at locator friday_time_1_4<br>
Step : Click on saturday_add_1<br>
Step : Click on saturday_time_1<br>
Step : Enter text 09 at locator saturday_time_1<br>
Step : Enter text 00 at locator saturday_time_1_2<br>
Step : Enter text 10 at locator saturday_time_2<br>
Step : Enter text 00 at locator saturday_time_2_1<br>
Step : Click on sunday_add_1<br>
Step : Click on sunday_time_1<br>
Step : Enter text 09 at locator sunday_time_1<br>
Step : Enter text 00 at locator sunday_time_1_2<br>
Step : Enter text 10 at locator sunday_time_2<br>
Step : Enter text 00 at locator sunday_time_2_1<br>
Step : Click on schedule_save<br>]]>
  </system-out>
</testsuite> <!-- web.tests.SignUpTest -->
