<?xml version="1.0" encoding="UTF-8"?>
<!-- Generated by org.testng.reporters.JUnitReportReporter -->
<testsuite hostname="DESKTOP-JFS04QR" failures="0" tests="1" name="web.tests.signup.SignUpTest" time="37.442" errors="0" timestamp="2022-06-24T15:30:35 IST" skipped="0">
  <testcase classname="web.tests.signup.SignUpTest" name="verify_signup_with_valid_email_password" time="37.442"/>
  <system-out>
    <![CDATA[Step : Click on preferably_your_work_email_text_box<br>
Step : Enter text qabletest@gmail.com at locator preferably_your_work_email_text_box<br>
Step : Enter text QAble@1010 at locator a_secure_one_please_password<br>
Step : Click on sign_up_button<br>
Step : verify element a_quick_verification_text text is equal A quick verification<br>
<h1 style="color:green;font-size:15px;">Test Passed</h1> ]]>
  </system-out>
</testsuite> <!-- web.tests.signup.SignUpTest -->
